{"level":"error","message":"error foud in server"}
{"level":"error","message":"uncaught exception"}
{"level":"error","message":"Cannot read properties of undefined (reading 'title')"}
{"level":"error","message":"Cannot read properties of undefined (reading 'title')"}
{"level":"error","message":"Cannot read properties of undefined (reading 'title')"}
{"level":"error","message":"Cannot read properties of undefined (reading 'title')"}
{"level":"error","message":"Cannot read properties of undefined (reading 'title')"}
{"level":"error","message":"Cannot read properties of undefined (reading 'title')"}
{"level":"error","message":"Cannot read properties of undefined (reading 'title')"}
{"level":"error","message":"Cannot read properties of undefined (reading 'title')"}
{"level":"error","message":"Cannot read properties of undefined (reading 'title')"}
{"level":"error","message":"Cannot read properties of undefined (reading 'title')"}
{"level":"error","message":"Cannot read properties of undefined (reading 'title')"}
{"level":"error","message":"Cannot read properties of undefined (reading 'password')"}
{"level":"error","message":"Cannot read properties of undefined (reading 'password')"}
{"level":"error","message":"Cannot read properties of undefined (reading 'password')"}
{"level":"error","message":"Cannot read properties of undefined (reading 'title')"}
{"level":"error","message":"Cannot read properties of undefined (reading 'title')"}
{"level":"error","message":"app is not defined"}
{"level":"error","message":"app is not defined"}
